<?xml version="1.0" encoding="UTF-8"?>
<!-- Generated by org.testng.reporters.JUnitReportReporter -->
<testsuite hostname="DESKTOP-1HB98EJ" failures="0" tests="4" name="com.spotify.tests.PlaylistTest" time="12.941" errors="0" timestamp="2024-03-10T08:53:25 IST" skipped="0">
  <testcase classname="com.spotify.tests.PlaylistTest" name="createPlayList" time="10.390"/>
  <system-out/>
  <testcase classname="com.spotify.tests.PlaylistTest" name="getAPlaylist" time="1.052"/>
  <system-out/>
  <testcase classname="com.spotify.tests.PlaylistTest" name="updatePlaylist" time="1.086"/>
  <system-out/>
  <testcase classname="com.spotify.tests.PlaylistTest" name="shouldNotBeAbleToCreatePlaylist" time="0.413"/>
  <system-out/>
</testsuite> <!-- com.spotify.tests.PlaylistTest -->
