<?xml version="1.0" encoding="UTF-8"?>
<!-- Generated by org.testng.reporters.JUnitReportReporter -->
<testsuite hostname="LIN51014986" failures="0" tests="4" name="com.spotify.tests.PlaylistTest" time="7.548" errors="0" timestamp="2024-03-09T20:28:07 IST" skipped="0">
  <testcase classname="com.spotify.tests.PlaylistTest" name="createPlayList" time="6.201"/>
  <system-out/>
  <testcase classname="com.spotify.tests.PlaylistTest" name="getAPlaylist" time="0.581"/>
  <system-out/>
  <testcase classname="com.spotify.tests.PlaylistTest" name="updatePlaylist" time="0.580"/>
  <system-out/>
  <testcase classname="com.spotify.tests.PlaylistTest" name="shouldNotBeAbleToCreatePlaylist" time="0.186"/>
  <system-out/>
</testsuite> <!-- com.spotify.tests.PlaylistTest -->
