<?xml version="1.0" encoding="UTF-8"?>
<!-- Generated by org.testng.reporters.JUnitReportReporter -->
<testsuite hostname="LIN51014986" failures="0" tests="4" name="com.spotify.tests.PlaylistTest" time="7.091" errors="0" timestamp="2024-03-09T20:03:23 IST" skipped="0">
  <testcase classname="com.spotify.tests.PlaylistTest" name="createPlayList" time="5.788"/>
  <system-out/>
  <testcase classname="com.spotify.tests.PlaylistTest" name="getAPlaylist" time="0.618"/>
  <system-out/>
  <testcase classname="com.spotify.tests.PlaylistTest" name="updatePlaylist" time="0.493"/>
  <system-out/>
  <testcase classname="com.spotify.tests.PlaylistTest" name="shouldNotBeAbleToCreatePlaylist" time="0.192"/>
  <system-out/>
</testsuite> <!-- com.spotify.tests.PlaylistTest -->
